Running: /opt/Xilinx/14.7/ISE_DS/ISE/bin/lin64/unwrapped/fuse -intstyle ise -incremental -lib unisims_ver -lib unimacro_ver -lib xilinxcorelib_ver -o /home/setin666/digitallab/ImageWatermarking/testingsyntax_isim_beh.exe -prj /home/setin666/digitallab/ImageWatermarking/testingsyntax_beh.prj work.testingsyntax work.glbl 
ISim P.20131013 (signature 0xfbc00daa)
Number of CPUs detected in this system: 8
Turning on mult-threading, number of parallel sub-compilation jobs: 16 
Determining compilation order of HDL files
Analyzing Verilog file "/home/setin666/digitallab/ImageWatermarking/testingsyntax.v" into library work
Analyzing Verilog file "/opt/Xilinx/14.7/ISE_DS/ISE//verilog/src/glbl.v" into library work
Starting static elaboration
Completed static elaboration
Fuse Memory Usage: 94648 KB
Fuse CPU Usage: 1010 ms
Compiling module testingsyntax
Compiling module glbl
Time Resolution for simulation is 1ps.
Waiting for 1 sub-compilation(s) to finish...
Compiled 2 Verilog Units
Built simulation executable /home/setin666/digitallab/ImageWatermarking/testingsyntax_isim_beh.exe
Fuse Memory Usage: 1179100 KB
Fuse CPU Usage: 1020 ms
GCC CPU Usage: 180 ms
